<?xml version="1.0" encoding="utf-8"?><testsuites name="pytest tests"><testsuite name="pytest" errors="0" failures="1" skipped="0" tests="24" time="3.480" timestamp="2026-04-21T07:30:39.204546+00:00" hostname="agent-env-2acdf3d7-6740-47c4-aa69-d8fa165f8e17"><testcase classname="backend.tests.backend_test.TestHealth" name="test_root" time="0.257" /><testcase classname="backend.tests.backend_test.TestAuth" name="test_super_admin_login" time="0.272" /><testcase classname="backend.tests.backend_test.TestAuth" name="test_login_invalid" time="0.270" /><testcase classname="backend.tests.backend_test.TestAuth" name="test_register_organization" time="0.272" /><testcase classname="backend.tests.backend_test.TestAuth" name="test_register_individual" time="0.267" /><testcase classname="backend.tests.backend_test.TestAuth" name="test_register_duplicate" time="0.046" /><testcase classname="backend.tests.backend_test.TestAuth" name="test_register_missing_org_name" time="0.045" /><testcase classname="backend.tests.backend_test.TestAuth" name="test_me" time="0.322" /><testcase classname="backend.tests.backend_test.TestAuth" name="test_me_unauth" time="0.043" /><testcase classname="backend.tests.backend_test.TestTemplates" name="test_list" time="0.049" /><testcase classname="backend.tests.backend_test.TestTemplates" name="test_org_detail" time="0.044" /><testcase classname="backend.tests.backend_test.TestTemplates" name="test_ind_detail" time="0.049" /><testcase classname="backend.tests.backend_test.TestTemplates" name="test_detail_404" time="0.045" /><testcase classname="backend.tests.backend_test.TestAssessments" name="test_start_requires_auth" time="0.042" /><testcase classname="backend.tests.backend_test.TestAssessments" name="test_full_org_flow" time="0.285" /><testcase classname="backend.tests.backend_test.TestAssessments" name="test_individual_flow" time="0.098" /><testcase classname="backend.tests.backend_test.TestAssessments" name="test_start_bad_template" time="0.045" /><testcase classname="backend.tests.backend_test.TestRBAC" name="test_invite_as_org_admin" time="0.543" /><testcase classname="backend.tests.backend_test.TestRBAC" name="test_invite_forbidden_for_individual" time="0.043" /><testcase classname="backend.tests.backend_test.TestRBAC" name="test_admin_users_requires_super" time="0.087" /><testcase classname="backend.tests.backend_test.TestRBAC" name="test_admin_orgs" time="0.049" /><testcase classname="backend.tests.backend_test.TestRBAC" name="test_org_members" time="0.045"><failure message="AssertionError: assert 'TEST_org_c9a177@example.com' in {'test_inv_eb810f@example.com', 'test_org_c9a177@example.com'}">backend/tests/backend_test.py:275: in test_org_members
    assert org_admin["email"] in emails
E   AssertionError: assert 'TEST_org_c9a177@example.com' in {'test_inv_eb810f@example.com', 'test_org_c9a177@example.com'}</failure></testcase><testcase classname="backend.tests.backend_test.TestRBAC" name="test_org_aggregate" time="0.045" /><testcase classname="backend.tests.backend_test.TestRBAC" name="test_change_role" time="0.091" /></testsuite></testsuites>